<?xml version="1.0" encoding="UTF-8"?>
<!-- Generated by org.testng.reporters.JUnitXMLReporter -->
<testsuite hostname="DESKTOP-RAK9CJC" ignored="0" name="Test" tests="4" failures="0" timestamp="04 jun 2021 15:34:30 GMT" time="80.022" errors="0">
  <testcase name="pruebax" time="0.012" classname="TestCliente.Test1"/>
  <testcase name="prueba" time="30.252" classname="TestCliente.Test1"/>
  <testcase name="edicion" time="22.717" classname="TestCliente.Test2"/>
  <testcase name="edicionpart2" time="24.042" classname="TestCliente.Test2"/>
</testsuite> <!-- Test -->
