<?xml version="1.0" encoding="UTF-8"?>
<!-- Generated by org.testng.reporters.JUnitXMLReporter -->
<testsuite hostname="DESKTOP-RAK9CJC" ignored="0" name="Test en Firefox" tests="3" failures="1" timestamp="07 jun 2021 22:28:05 GMT" time="15.091" errors="0">
  <testcase name="@BeforeClass beforeClass" time="0.0" classname="TestCliente.Test2">
    <failure type="org.testng.TestNGException" message="
Method beforeClass requires 1 parameters but 2 were supplied in the BeforeClass annotation.">
      <![CDATA[org.testng.TestNGException: 
Method beforeClass requires 1 parameters but 2 were supplied in the BeforeClass annotation.
... Removed 23 stack frames]]>
    </failure>
  </testcase> <!-- @BeforeClass beforeClass -->
  <testcase name="@AfterMethod afterTest" time="0.0" classname="TestCliente.Test2">
    <skipped/>
  </testcase> <!-- @AfterMethod afterTest -->
  <testcase name="@AfterMethod afterTest" time="0.0" classname="TestCliente.Test2">
    <skipped/>
  </testcase> <!-- @AfterMethod afterTest -->
  <testcase name="prueba" time="5.708" classname="TestCliente.Test1">
    <failure type="org.openqa.selenium.NoSuchWindowException" message="Browsing context has been discarded
Build info: version: &amp;apos;3.141.59&amp;apos;, revision: &amp;apos;e82be7d358&amp;apos;, time: &amp;apos;2018-11-14T08:17:03&amp;apos;
System info: host: &amp;apos;DESKTOP-RAK9CJC&amp;apos;, ip: &amp;apos;192.168.1.16&amp;apos;, os.name: &amp;apos;Windows 10&amp;apos;, os.arch: &amp;apos;x86&amp;apos;, os.version: &amp;apos;10.0&amp;apos;, java.version: &amp;apos;1.8.0_271&amp;apos;
Driver info: org.openqa.selenium.firefox.FirefoxDriver
Capabilities {acceptInsecureCerts: true, browserName: firefox, browserVersion: 89.0, javascriptEnabled: true, moz:accessibilityChecks: false, moz:buildID: 20210527174632, moz:geckodriverVersion: 0.29.1, moz:headless: false, moz:processID: 1356, moz:profile: C:\Users\SALVADOR\AppData\L..., moz:shutdownTimeout: 60000, moz:useNonSpecCompliantPointerOrigin: false, moz:webdriverClick: true, pageLoadStrategy: normal, platform: WINDOWS, platformName: WINDOWS, platformVersion: 10.0, setWindowRect: true, strictFileInteractability: false, timeouts: {implicit: 0, pageLoad: 300000, script: 30000}, unhandledPromptBehavior: dismiss and notify}
Session ID: c18b8b14-2af6-495c-bdb2-c6786dd57104">
      <![CDATA[org.openqa.selenium.NoSuchWindowException: Browsing context has been discarded
Build info: version: '3.141.59', revision: 'e82be7d358', time: '2018-11-14T08:17:03'
System info: host: 'DESKTOP-RAK9CJC', ip: '192.168.1.16', os.name: 'Windows 10', os.arch: 'x86', os.version: '10.0', java.version: '1.8.0_271'
Driver info: org.openqa.selenium.firefox.FirefoxDriver
Capabilities {acceptInsecureCerts: true, browserName: firefox, browserVersion: 89.0, javascriptEnabled: true, moz:accessibilityChecks: false, moz:buildID: 20210527174632, moz:geckodriverVersion: 0.29.1, moz:headless: false, moz:processID: 1356, moz:profile: C:\Users\SALVADOR\AppData\L..., moz:shutdownTimeout: 60000, moz:useNonSpecCompliantPointerOrigin: false, moz:webdriverClick: true, pageLoadStrategy: normal, platform: WINDOWS, platformName: WINDOWS, platformVersion: 10.0, setWindowRect: true, strictFileInteractability: false, timeouts: {implicit: 0, pageLoad: 300000, script: 30000}, unhandledPromptBehavior: dismiss and notify}
Session ID: c18b8b14-2af6-495c-bdb2-c6786dd57104
at org.openqa.selenium.remote.http.W3CHttpResponseCodec.createException(W3CHttpResponseCodec.java:187)
at org.openqa.selenium.remote.http.W3CHttpResponseCodec.decode(W3CHttpResponseCodec.java:122)
at org.openqa.selenium.remote.http.W3CHttpResponseCodec.decode(W3CHttpResponseCodec.java:49)
at org.openqa.selenium.remote.HttpCommandExecutor.execute(HttpCommandExecutor.java:158)
at org.openqa.selenium.remote.service.DriverCommandExecutor.execute(DriverCommandExecutor.java:83)
at org.openqa.selenium.remote.RemoteWebDriver.execute(RemoteWebDriver.java:552)
at org.openqa.selenium.remote.RemoteWebElement.execute(RemoteWebElement.java:285)
at org.openqa.selenium.remote.RemoteWebElement.sendKeys(RemoteWebElement.java:106)
at com.project.pom.Base.llenarCampo(Base.java:53)
at PageObjectoModel.Clientepage.agregaCliente(Clientepage.java:79)
at TestCliente.Test1.prueba(Test1.java:70)
... Removed 29 stack frames]]>
    </failure>
  </testcase> <!-- prueba -->
  <testcase name="edicion" time="0.0" classname="TestCliente.Test2">
    <skipped/>
  </testcase> <!-- edicion -->
  <testcase name="edicionpart2" time="0.0" classname="TestCliente.Test2">
    <skipped/>
  </testcase> <!-- edicionpart2 -->
</testsuite> <!-- Test en Firefox -->
