<?xml version="1.0" encoding="UTF-8"?>
<!-- Generated by org.testng.reporters.JUnitXMLReporter -->
<testsuite hostname="DESKTOP-RAK9CJC" ignored="0" name="Test on Firefox" tests="7" failures="0" timestamp="08 jun 2021 22:39:01 GMT" time="225.891" errors="0">
  <testcase name="prueba" time="36.234" classname="TestCliente.Test1"/>
  <testcase name="edicion" time="33.247" classname="TestCliente.Test2"/>
  <testcase name="edicionpart2" time="32.809" classname="TestCliente.Test2"/>
  <testcase name="eliminacion" time="2.421" classname="TestCliente.Test3"/>
  <testcase name="eliminacionpt2" time="31.821" classname="TestCliente.Test3"/>
  <testcase name="sort" time="15.929" classname="TestCliente.Test4"/>
  <testcase name="filtros" time="22.208" classname="TestCliente.Test5"/>
</testsuite> <!-- Test on Firefox -->
