<?xml version="1.0" encoding="UTF-8"?>
<!-- Generated by org.testng.reporters.JUnitXMLReporter -->
<testsuite hostname="DESKTOP-RAK9CJC" ignored="0" tests="7" failures="0" timestamp="12 ago 2022 17:16:26 GMT" time="83.498" errors="0">
  <testcase name="GuatemalaPreApproved" time="8.65" classname="WebLocal"/>
  <testcase name="onboardingTest" time="17.581" classname="WebLocal"/>
  <testcase name="productsTest" time="7.205" classname="WebLocal"/>
  <testcase name="nameCardTest" time="14.537" classname="WebLocal"/>
  <testcase name="agreementTest" time="1.715" classname="WebLocal"/>
  <testcase name="addressTest" time="11.464" classname="WebLocal"/>
  <testcase name="CongratsTest" time="11.388" classname="WebLocal"/>
</testsuite>
