<?xml version="1.0" encoding="UTF-8"?>
<testng-results skipped="0" failed="0" ignored="0" total="1" passed="1">
  <reporter-output>
  </reporter-output>
  <suite name="Suite" duration-ms="10383" started-at="2021-06-23T15:24:25Z" finished-at="2021-06-23T15:24:35Z">
    <groups>
    </groups>
    <test name="Test on chrome" duration-ms="10383" started-at="2021-06-23T15:24:25Z" finished-at="2021-06-23T15:24:35Z">
      <class name="TestLogin.TestLogueo">
        <test-method status="PASS" signature="beforeClass(java.lang.String, java.lang.String)[pri:0, instance:TestLogin.TestLogueo@41eaa2]" name="beforeClass" is-config="true" duration-ms="6690" started-at="2021-06-23T15:24:25Z" finished-at="2021-06-23T15:24:31Z">
          <params>
            <param index="0">
              <value>
                <![CDATA[http://45.55.132.142:3000/login]]>
              </value>
            </param>
            <param index="1">
              <value>
                <![CDATA[Chrome]]>
              </value>
            </param>
          </params>
          <reporter-output>
          </reporter-output>
        </test-method> <!-- beforeClass -->
        <test-method status="PASS" signature="pruebaLogin(java.lang.String, java.lang.String)[pri:0, instance:TestLogin.TestLogueo@41eaa2]" name="pruebaLogin" duration-ms="1226" started-at="2021-06-23T15:24:32Z" description="Caso de prueba Logueo" finished-at="2021-06-23T15:24:33Z">
          <params>
            <param index="0">
              <value>
                <![CDATA[admin@gmail.com]]>
              </value>
            </param>
            <param index="1">
              <value>
                <![CDATA[AbCd1234]]>
              </value>
            </param>
          </params>
          <reporter-output>
          </reporter-output>
        </test-method> <!-- pruebaLogin -->
        <test-method status="PASS" signature="afterTest(org.testng.ITestResult)[pri:0, instance:TestLogin.TestLogueo@41eaa2]" name="afterTest" is-config="true" duration-ms="1" started-at="2021-06-23T15:24:33Z" finished-at="2021-06-23T15:24:33Z">
          <params>
            <param index="0">
              <value>
                <![CDATA[[TestResult name=pruebaLogin status=SUCCESS method=TestLogueo.pruebaLogin(java.lang.String, java.lang.String)[pri:0, instance:TestLogin.TestLogueo@41eaa2] output={null}]]]>
              </value>
            </param>
          </params>
          <reporter-output>
          </reporter-output>
        </test-method> <!-- afterTest -->
        <test-method status="PASS" signature="CloseBrowser()[pri:0, instance:TestLogin.TestLogueo@41eaa2]" name="CloseBrowser" is-config="true" duration-ms="2421" started-at="2021-06-23T15:24:33Z" finished-at="2021-06-23T15:24:35Z">
          <reporter-output>
          </reporter-output>
        </test-method> <!-- CloseBrowser -->
      </class> <!-- TestLogin.TestLogueo -->
    </test> <!-- Test on chrome -->
  </suite> <!-- Suite -->
</testng-results>
